<?xml version="1.0" encoding="UTF-8"?>
<testsuite xmlns:xsi="http://www.w3.org/2001/XMLSchema-instance" xsi:noNamespaceSchemaLocation="https://maven.apache.org/surefire/maven-surefire-plugin/xsd/surefire-test-report.xsd" name="org.zisecm.jobs.AppTest" time="0.029" tests="1" errors="0" skipped="0" failures="0">
  <properties>
    <property name="sun.desktop" value="windows"/>
    <property name="awt.toolkit" value="sun.awt.windows.WToolkit"/>
    <property name="file.encoding.pkg" value="sun.io"/>
    <property name="java.specification.version" value="1.8"/>
    <property name="sun.cpu.isalist" value="amd64"/>
    <property name="sun.jnu.encoding" value="GBK"/>
    <property name="java.class.path" value="E:\GitHub\zisecm\zisecm-jobs-syncout\target\test-classes;E:\GitHub\zisecm\zisecm-jobs-syncout\target\classes;D:\Data\maven\com\zisyun\zisecm-core\0.0.1-SNAPSHOT\zisecm-core-0.0.1-SNAPSHOT.jar;D:\Data\maven\org\springframework\boot\spring-boot-starter-mail\2.1.8.RELEASE\spring-boot-starter-mail-2.1.8.RELEASE.jar;D:\Data\maven\org\springframework\spring-context-support\5.1.9.RELEASE\spring-context-support-5.1.9.RELEASE.jar;D:\Data\maven\org\springframework\spring-beans\5.1.9.RELEASE\spring-beans-5.1.9.RELEASE.jar;D:\Data\maven\com\sun\mail\javax.mail\1.6.2\javax.mail-1.6.2.jar;D:\Data\maven\javax\activation\activation\1.1\activation-1.1.jar;D:\Data\maven\org\springframework\boot\spring-boot-starter-web\2.1.8.RELEASE\spring-boot-starter-web-2.1.8.RELEASE.jar;D:\Data\maven\org\springframework\boot\spring-boot-starter-json\2.1.8.RELEASE\spring-boot-starter-json-2.1.8.RELEASE.jar;D:\Data\maven\com\fasterxml\jackson\core\jackson-databind\2.9.9.3\jackson-databind-2.9.9.3.jar;D:\Data\maven\com\fasterxml\jackson\core\jackson-annotations\2.9.0\jackson-annotations-2.9.0.jar;D:\Data\maven\com\fasterxml\jackson\datatype\jackson-datatype-jdk8\2.9.9\jackson-datatype-jdk8-2.9.9.jar;D:\Data\maven\com\fasterxml\jackson\datatype\jackson-datatype-jsr310\2.9.9\jackson-datatype-jsr310-2.9.9.jar;D:\Data\maven\com\fasterxml\jackson\module\jackson-module-parameter-names\2.9.9\jackson-module-parameter-names-2.9.9.jar;D:\Data\maven\org\springframework\boot\spring-boot-starter-tomcat\2.1.8.RELEASE\spring-boot-starter-tomcat-2.1.8.RELEASE.jar;D:\Data\maven\org\apache\tomcat\embed\tomcat-embed-core\9.0.24\tomcat-embed-core-9.0.24.jar;D:\Data\maven\org\apache\tomcat\embed\tomcat-embed-el\9.0.24\tomcat-embed-el-9.0.24.jar;D:\Data\maven\org\apache\tomcat\embed\tomcat-embed-websocket\9.0.24\tomcat-embed-websocket-9.0.24.jar;D:\Data\maven\org\hibernate\validator\hibernate-validator\6.0.17.Final\hibernate-validator-6.0.17.Final.jar;D:\Data\maven\javax\validation\validation-api\2.0.1.Final\validation-api-2.0.1.Final.jar;D:\Data\maven\org\jboss\logging\jboss-logging\3.3.3.Final\jboss-logging-3.3.3.Final.jar;D:\Data\maven\com\fasterxml\classmate\1.4.0\classmate-1.4.0.jar;D:\Data\maven\org\springframework\spring-web\5.1.9.RELEASE\spring-web-5.1.9.RELEASE.jar;D:\Data\maven\org\springframework\spring-webmvc\5.1.9.RELEASE\spring-webmvc-5.1.9.RELEASE.jar;D:\Data\maven\org\springframework\spring-expression\5.1.9.RELEASE\spring-expression-5.1.9.RELEASE.jar;D:\Data\maven\org\apache\poi\poi-ooxml\4.1.1\poi-ooxml-4.1.1.jar;D:\Data\maven\org\apache\poi\poi\4.1.1\poi-4.1.1.jar;D:\Data\maven\org\apache\commons\commons-collections4\4.4\commons-collections4-4.4.jar;D:\Data\maven\org\apache\commons\commons-math3\3.6.1\commons-math3-3.6.1.jar;D:\Data\maven\org\apache\commons\commons-compress\1.19\commons-compress-1.19.jar;D:\Data\maven\com\github\virtuald\curvesapi\1.06\curvesapi-1.06.jar;D:\Data\maven\org\apache\poi\poi-ooxml-schemas\4.1.1\poi-ooxml-schemas-4.1.1.jar;D:\Data\maven\org\apache\xmlbeans\xmlbeans\3.1.0\xmlbeans-3.1.0.jar;D:\Data\maven\org\springframework\boot\spring-boot-starter-thymeleaf\2.1.8.RELEASE\spring-boot-starter-thymeleaf-2.1.8.RELEASE.jar;D:\Data\maven\org\thymeleaf\thymeleaf-spring5\3.0.11.RELEASE\thymeleaf-spring5-3.0.11.RELEASE.jar;D:\Data\maven\org\thymeleaf\thymeleaf\3.0.11.RELEASE\thymeleaf-3.0.11.RELEASE.jar;D:\Data\maven\org\attoparser\attoparser\2.0.5.RELEASE\attoparser-2.0.5.RELEASE.jar;D:\Data\maven\org\unbescape\unbescape\1.1.6.RELEASE\unbescape-1.1.6.RELEASE.jar;D:\Data\maven\org\thymeleaf\extras\thymeleaf-extras-java8time\3.0.4.RELEASE\thymeleaf-extras-java8time-3.0.4.RELEASE.jar;D:\Data\maven\org\springframework\boot\spring-boot-starter-aop\2.1.8.RELEASE\spring-boot-starter-aop-2.1.8.RELEASE.jar;D:\Data\maven\org\springframework\spring-aop\5.1.9.RELEASE\spring-aop-5.1.9.RELEASE.jar;D:\Data\maven\org\aspectj\aspectjweaver\1.9.4\aspectjweaver-1.9.4.jar;D:\Data\maven\org\springframework\boot\spring-boot-actuator\2.1.8.RELEASE\spring-boot-actuator-2.1.8.RELEASE.jar;D:\Data\maven\commons-lang\commons-lang\2.6\commons-lang-2.6.jar;D:\Data\maven\org\apache\commons\commons-lang3\3.8.1\commons-lang3-3.8.1.jar;D:\Data\maven\commons-beanutils\commons-beanutils\1.9.4\commons-beanutils-1.9.4.jar;D:\Data\maven\commons-logging\commons-logging\1.2\commons-logging-1.2.jar;D:\Data\maven\commons-collections\commons-collections\3.2.2\commons-collections-3.2.2.jar;D:\Data\maven\com\itextpdf\itextpdf\5.5.13\itextpdf-5.5.13.jar;D:\Data\maven\mysql\mysql-connector-java\8.0.17\mysql-connector-java-8.0.17.jar;D:\Data\maven\com\alibaba\fastjson\1.2.61\fastjson-1.2.61.jar;D:\Data\maven\org\bouncycastle\bcprov-jdk15on\1.62\bcprov-jdk15on-1.62.jar;D:\Data\maven\org\bouncycastle\bcpkix-jdk15on\1.62\bcpkix-jdk15on-1.62.jar;D:\Data\maven\com\google\guava\guava\28.0-jre\guava-28.0-jre.jar;D:\Data\maven\com\google\guava\failureaccess\1.0.1\failureaccess-1.0.1.jar;D:\Data\maven\com\google\guava\listenablefuture\9999.0-empty-to-avoid-conflict-with-guava\listenablefuture-9999.0-empty-to-avoid-conflict-with-guava.jar;D:\Data\maven\com\google\code\findbugs\jsr305\3.0.2\jsr305-3.0.2.jar;D:\Data\maven\org\checkerframework\checker-qual\2.8.1\checker-qual-2.8.1.jar;D:\Data\maven\com\google\errorprone\error_prone_annotations\2.3.2\error_prone_annotations-2.3.2.jar;D:\Data\maven\com\google\j2objc\j2objc-annotations\1.3\j2objc-annotations-1.3.jar;D:\Data\maven\org\codehaus\mojo\animal-sniffer-annotations\1.17\animal-sniffer-annotations-1.17.jar;D:\Data\maven\org\elasticsearch\elasticsearch\6.4.3\elasticsearch-6.4.3.jar;D:\Data\maven\org\elasticsearch\elasticsearch-core\6.4.3\elasticsearch-core-6.4.3.jar;D:\Data\maven\org\elasticsearch\elasticsearch-secure-sm\6.4.3\elasticsearch-secure-sm-6.4.3.jar;D:\Data\maven\org\elasticsearch\elasticsearch-x-content\6.4.3\elasticsearch-x-content-6.4.3.jar;D:\Data\maven\com\fasterxml\jackson\core\jackson-core\2.9.9\jackson-core-2.9.9.jar;D:\Data\maven\com\fasterxml\jackson\dataformat\jackson-dataformat-smile\2.9.9\jackson-dataformat-smile-2.9.9.jar;D:\Data\maven\com\fasterxml\jackson\dataformat\jackson-dataformat-yaml\2.9.9\jackson-dataformat-yaml-2.9.9.jar;D:\Data\maven\com\fasterxml\jackson\dataformat\jackson-dataformat-cbor\2.9.9\jackson-dataformat-cbor-2.9.9.jar;D:\Data\maven\org\apache\lucene\lucene-core\7.4.0\lucene-core-7.4.0.jar;D:\Data\maven\org\apache\lucene\lucene-analyzers-common\7.4.0\lucene-analyzers-common-7.4.0.jar;D:\Data\maven\org\apache\lucene\lucene-backward-codecs\7.4.0\lucene-backward-codecs-7.4.0.jar;D:\Data\maven\org\apache\lucene\lucene-grouping\7.4.0\lucene-grouping-7.4.0.jar;D:\Data\maven\org\apache\lucene\lucene-highlighter\7.4.0\lucene-highlighter-7.4.0.jar;D:\Data\maven\org\apache\lucene\lucene-join\7.4.0\lucene-join-7.4.0.jar;D:\Data\maven\org\apache\lucene\lucene-memory\7.4.0\lucene-memory-7.4.0.jar;D:\Data\maven\org\apache\lucene\lucene-misc\7.4.0\lucene-misc-7.4.0.jar;D:\Data\maven\org\apache\lucene\lucene-queries\7.4.0\lucene-queries-7.4.0.jar;D:\Data\maven\org\apache\lucene\lucene-queryparser\7.4.0\lucene-queryparser-7.4.0.jar;D:\Data\maven\org\apache\lucene\lucene-sandbox\7.4.0\lucene-sandbox-7.4.0.jar;D:\Data\maven\org\apache\lucene\lucene-spatial\7.4.0\lucene-spatial-7.4.0.jar;D:\Data\maven\org\apache\lucene\lucene-spatial-extras\7.4.0\lucene-spatial-extras-7.4.0.jar;D:\Data\maven\org\apache\lucene\lucene-spatial3d\7.4.0\lucene-spatial3d-7.4.0.jar;D:\Data\maven\org\apache\lucene\lucene-suggest\7.4.0\lucene-suggest-7.4.0.jar;D:\Data\maven\org\elasticsearch\elasticsearch-cli\6.4.3\elasticsearch-cli-6.4.3.jar;D:\Data\maven\net\sf\jopt-simple\jopt-simple\5.0.2\jopt-simple-5.0.2.jar;D:\Data\maven\com\carrotsearch\hppc\0.7.1\hppc-0.7.1.jar;D:\Data\maven\joda-time\joda-time\2.10.3\joda-time-2.10.3.jar;D:\Data\maven\com\tdunning\t-digest\3.2\t-digest-3.2.jar;D:\Data\maven\org\hdrhistogram\HdrHistogram\2.1.9\HdrHistogram-2.1.9.jar;D:\Data\maven\org\apache\logging\log4j\log4j-api\2.11.2\log4j-api-2.11.2.jar;D:\Data\maven\org\elasticsearch\jna\4.5.1\jna-4.5.1.jar;D:\Data\maven\org\elasticsearch\client\elasticsearch-rest-client\6.4.3\elasticsearch-rest-client-6.4.3.jar;D:\Data\maven\org\apache\httpcomponents\httpclient\4.5.9\httpclient-4.5.9.jar;D:\Data\maven\org\apache\httpcomponents\httpcore\4.4.12\httpcore-4.4.12.jar;D:\Data\maven\org\apache\httpcomponents\httpasyncclient\4.1.4\httpasyncclient-4.1.4.jar;D:\Data\maven\org\apache\httpcomponents\httpcore-nio\4.4.12\httpcore-nio-4.4.12.jar;D:\Data\maven\commons-codec\commons-codec\1.11\commons-codec-1.11.jar;D:\Data\maven\org\elasticsearch\client\elasticsearch-rest-high-level-client\6.4.3\elasticsearch-rest-high-level-client-6.4.3.jar;D:\Data\maven\org\elasticsearch\plugin\parent-join-client\6.4.3\parent-join-client-6.4.3.jar;D:\Data\maven\org\elasticsearch\plugin\aggs-matrix-stats-client\6.4.3\aggs-matrix-stats-client-6.4.3.jar;D:\Data\maven\org\elasticsearch\plugin\rank-eval-client\6.4.3\rank-eval-client-6.4.3.jar;D:\Data\maven\org\elasticsearch\plugin\lang-mustache-client\6.4.3\lang-mustache-client-6.4.3.jar;D:\Data\maven\com\github\spullara\mustache\java\compiler\0.9.3\compiler-0.9.3.jar;D:\Data\maven\commons-io\commons-io\2.7\commons-io-2.7.jar;D:\Data\maven\org\apache\ant\ant\1.9.15\ant-1.9.15.jar;D:\Data\maven\org\apache\ant\ant-launcher\1.9.15\ant-launcher-1.9.15.jar;D:\Data\maven\org\springframework\boot\spring-boot-starter\2.1.8.RELEASE\spring-boot-starter-2.1.8.RELEASE.jar;D:\Data\maven\org\springframework\boot\spring-boot\2.1.8.RELEASE\spring-boot-2.1.8.RELEASE.jar;D:\Data\maven\org\springframework\spring-context\5.1.9.RELEASE\spring-context-5.1.9.RELEASE.jar;D:\Data\maven\org\springframework\boot\spring-boot-autoconfigure\2.1.8.RELEASE\spring-boot-autoconfigure-2.1.8.RELEASE.jar;D:\Data\maven\javax\annotation\javax.annotation-api\1.3.2\javax.annotation-api-1.3.2.jar;D:\Data\maven\org\springframework\spring-core\5.1.9.RELEASE\spring-core-5.1.9.RELEASE.jar;D:\Data\maven\org\springframework\spring-jcl\5.1.9.RELEASE\spring-jcl-5.1.9.RELEASE.jar;D:\Data\maven\org\yaml\snakeyaml\1.23\snakeyaml-1.23.jar;D:\Data\maven\org\springframework\boot\spring-boot-starter-logging\2.1.8.RELEASE\spring-boot-starter-logging-2.1.8.RELEASE.jar;D:\Data\maven\ch\qos\logback\logback-classic\1.2.3\logback-classic-1.2.3.jar;D:\Data\maven\ch\qos\logback\logback-core\1.2.3\logback-core-1.2.3.jar;D:\Data\maven\org\slf4j\slf4j-api\1.7.28\slf4j-api-1.7.28.jar;D:\Data\maven\org\apache\logging\log4j\log4j-to-slf4j\2.11.2\log4j-to-slf4j-2.11.2.jar;D:\Data\maven\org\slf4j\jul-to-slf4j\1.7.28\jul-to-slf4j-1.7.28.jar;D:\Data\maven\org\springframework\boot\spring-boot-starter-test\2.1.8.RELEASE\spring-boot-starter-test-2.1.8.RELEASE.jar;D:\Data\maven\org\springframework\boot\spring-boot-test\2.1.8.RELEASE\spring-boot-test-2.1.8.RELEASE.jar;D:\Data\maven\org\springframework\boot\spring-boot-test-autoconfigure\2.1.8.RELEASE\spring-boot-test-autoconfigure-2.1.8.RELEASE.jar;D:\Data\maven\com\jayway\jsonpath\json-path\2.4.0\json-path-2.4.0.jar;D:\Data\maven\net\minidev\json-smart\2.3\json-smart-2.3.jar;D:\Data\maven\net\minidev\accessors-smart\1.2\accessors-smart-1.2.jar;D:\Data\maven\org\ow2\asm\asm\5.0.4\asm-5.0.4.jar;D:\Data\maven\junit\junit\4.12\junit-4.12.jar;D:\Data\maven\org\assertj\assertj-core\3.11.1\assertj-core-3.11.1.jar;D:\Data\maven\org\mockito\mockito-core\2.23.4\mockito-core-2.23.4.jar;D:\Data\maven\net\bytebuddy\byte-buddy\1.9.16\byte-buddy-1.9.16.jar;D:\Data\maven\net\bytebuddy\byte-buddy-agent\1.9.16\byte-buddy-agent-1.9.16.jar;D:\Data\maven\org\objenesis\objenesis\2.6\objenesis-2.6.jar;D:\Data\maven\org\hamcrest\hamcrest-core\1.3\hamcrest-core-1.3.jar;D:\Data\maven\org\hamcrest\hamcrest-library\1.3\hamcrest-library-1.3.jar;D:\Data\maven\org\skyscreamer\jsonassert\1.5.0\jsonassert-1.5.0.jar;D:\Data\maven\com\vaadin\external\google\android-json\0.0.20131108.vaadin1\android-json-0.0.20131108.vaadin1.jar;D:\Data\maven\org\springframework\spring-test\5.1.9.RELEASE\spring-test-5.1.9.RELEASE.jar;D:\Data\maven\org\xmlunit\xmlunit-core\2.6.3\xmlunit-core-2.6.3.jar;D:\Data\maven\org\mybatis\spring\boot\mybatis-spring-boot-starter\2.1.0\mybatis-spring-boot-starter-2.1.0.jar;D:\Data\maven\org\springframework\boot\spring-boot-starter-jdbc\2.1.8.RELEASE\spring-boot-starter-jdbc-2.1.8.RELEASE.jar;D:\Data\maven\com\zaxxer\HikariCP\3.2.0\HikariCP-3.2.0.jar;D:\Data\maven\org\springframework\spring-jdbc\5.1.9.RELEASE\spring-jdbc-5.1.9.RELEASE.jar;D:\Data\maven\org\springframework\spring-tx\5.1.9.RELEASE\spring-tx-5.1.9.RELEASE.jar;D:\Data\maven\org\mybatis\spring\boot\mybatis-spring-boot-autoconfigure\2.1.0\mybatis-spring-boot-autoconfigure-2.1.0.jar;D:\Data\maven\org\mybatis\mybatis\3.5.2\mybatis-3.5.2.jar;D:\Data\maven\org\mybatis\mybatis-spring\2.0.2\mybatis-spring-2.0.2.jar;D:\Data\maven\com\alibaba\druid\1.1.20\druid-1.1.20.jar;D:\Data\maven\com\microsoft\sqlserver\sqljdbc4\4.0\sqljdbc4-4.0.jar;"/>
    <property name="java.vm.vendor" value="Oracle Corporation"/>
    <property name="sun.arch.data.model" value="64"/>
    <property name="user.variant" value=""/>
    <property name="java.vendor.url" value="http://java.oracle.com/"/>
    <property name="user.timezone" value="Asia/Shanghai"/>
    <property name="java.vm.specification.version" value="1.8"/>
    <property name="os.name" value="Windows 10"/>
    <property name="user.country" value="CN"/>
    <property name="sun.java.launcher" value="SUN_STANDARD"/>
    <property name="sun.boot.library.path" value="C:\Program Files\Java\jdk1.8.0_181\jre\bin"/>
    <property name="sun.java.command" value="C:\Users\Atos\AppData\Local\Temp\surefire7394869823885510708\surefirebooter5439278018542824977.jar C:\Users\Atos\AppData\Local\Temp\surefire7394869823885510708 2020-09-24T22-07-52_912-jvmRun1 surefire120992830105437687tmp surefire_08199789737323685050tmp"/>
    <property name="surefire.test.class.path" value="E:\GitHub\zisecm\zisecm-jobs-syncout\target\test-classes;E:\GitHub\zisecm\zisecm-jobs-syncout\target\classes;D:\Data\maven\com\zisyun\zisecm-core\0.0.1-SNAPSHOT\zisecm-core-0.0.1-SNAPSHOT.jar;D:\Data\maven\org\springframework\boot\spring-boot-starter-mail\2.1.8.RELEASE\spring-boot-starter-mail-2.1.8.RELEASE.jar;D:\Data\maven\org\springframework\spring-context-support\5.1.9.RELEASE\spring-context-support-5.1.9.RELEASE.jar;D:\Data\maven\org\springframework\spring-beans\5.1.9.RELEASE\spring-beans-5.1.9.RELEASE.jar;D:\Data\maven\com\sun\mail\javax.mail\1.6.2\javax.mail-1.6.2.jar;D:\Data\maven\javax\activation\activation\1.1\activation-1.1.jar;D:\Data\maven\org\springframework\boot\spring-boot-starter-web\2.1.8.RELEASE\spring-boot-starter-web-2.1.8.RELEASE.jar;D:\Data\maven\org\springframework\boot\spring-boot-starter-json\2.1.8.RELEASE\spring-boot-starter-json-2.1.8.RELEASE.jar;D:\Data\maven\com\fasterxml\jackson\core\jackson-databind\2.9.9.3\jackson-databind-2.9.9.3.jar;D:\Data\maven\com\fasterxml\jackson\core\jackson-annotations\2.9.0\jackson-annotations-2.9.0.jar;D:\Data\maven\com\fasterxml\jackson\datatype\jackson-datatype-jdk8\2.9.9\jackson-datatype-jdk8-2.9.9.jar;D:\Data\maven\com\fasterxml\jackson\datatype\jackson-datatype-jsr310\2.9.9\jackson-datatype-jsr310-2.9.9.jar;D:\Data\maven\com\fasterxml\jackson\module\jackson-module-parameter-names\2.9.9\jackson-module-parameter-names-2.9.9.jar;D:\Data\maven\org\springframework\boot\spring-boot-starter-tomcat\2.1.8.RELEASE\spring-boot-starter-tomcat-2.1.8.RELEASE.jar;D:\Data\maven\org\apache\tomcat\embed\tomcat-embed-core\9.0.24\tomcat-embed-core-9.0.24.jar;D:\Data\maven\org\apache\tomcat\embed\tomcat-embed-el\9.0.24\tomcat-embed-el-9.0.24.jar;D:\Data\maven\org\apache\tomcat\embed\tomcat-embed-websocket\9.0.24\tomcat-embed-websocket-9.0.24.jar;D:\Data\maven\org\hibernate\validator\hibernate-validator\6.0.17.Final\hibernate-validator-6.0.17.Final.jar;D:\Data\maven\javax\validation\validation-api\2.0.1.Final\validation-api-2.0.1.Final.jar;D:\Data\maven\org\jboss\logging\jboss-logging\3.3.3.Final\jboss-logging-3.3.3.Final.jar;D:\Data\maven\com\fasterxml\classmate\1.4.0\classmate-1.4.0.jar;D:\Data\maven\org\springframework\spring-web\5.1.9.RELEASE\spring-web-5.1.9.RELEASE.jar;D:\Data\maven\org\springframework\spring-webmvc\5.1.9.RELEASE\spring-webmvc-5.1.9.RELEASE.jar;D:\Data\maven\org\springframework\spring-expression\5.1.9.RELEASE\spring-expression-5.1.9.RELEASE.jar;D:\Data\maven\org\apache\poi\poi-ooxml\4.1.1\poi-ooxml-4.1.1.jar;D:\Data\maven\org\apache\poi\poi\4.1.1\poi-4.1.1.jar;D:\Data\maven\org\apache\commons\commons-collections4\4.4\commons-collections4-4.4.jar;D:\Data\maven\org\apache\commons\commons-math3\3.6.1\commons-math3-3.6.1.jar;D:\Data\maven\org\apache\commons\commons-compress\1.19\commons-compress-1.19.jar;D:\Data\maven\com\github\virtuald\curvesapi\1.06\curvesapi-1.06.jar;D:\Data\maven\org\apache\poi\poi-ooxml-schemas\4.1.1\poi-ooxml-schemas-4.1.1.jar;D:\Data\maven\org\apache\xmlbeans\xmlbeans\3.1.0\xmlbeans-3.1.0.jar;D:\Data\maven\org\springframework\boot\spring-boot-starter-thymeleaf\2.1.8.RELEASE\spring-boot-starter-thymeleaf-2.1.8.RELEASE.jar;D:\Data\maven\org\thymeleaf\thymeleaf-spring5\3.0.11.RELEASE\thymeleaf-spring5-3.0.11.RELEASE.jar;D:\Data\maven\org\thymeleaf\thymeleaf\3.0.11.RELEASE\thymeleaf-3.0.11.RELEASE.jar;D:\Data\maven\org\attoparser\attoparser\2.0.5.RELEASE\attoparser-2.0.5.RELEASE.jar;D:\Data\maven\org\unbescape\unbescape\1.1.6.RELEASE\unbescape-1.1.6.RELEASE.jar;D:\Data\maven\org\thymeleaf\extras\thymeleaf-extras-java8time\3.0.4.RELEASE\thymeleaf-extras-java8time-3.0.4.RELEASE.jar;D:\Data\maven\org\springframework\boot\spring-boot-starter-aop\2.1.8.RELEASE\spring-boot-starter-aop-2.1.8.RELEASE.jar;D:\Data\maven\org\springframework\spring-aop\5.1.9.RELEASE\spring-aop-5.1.9.RELEASE.jar;D:\Data\maven\org\aspectj\aspectjweaver\1.9.4\aspectjweaver-1.9.4.jar;D:\Data\maven\org\springframework\boot\spring-boot-actuator\2.1.8.RELEASE\spring-boot-actuator-2.1.8.RELEASE.jar;D:\Data\maven\commons-lang\commons-lang\2.6\commons-lang-2.6.jar;D:\Data\maven\org\apache\commons\commons-lang3\3.8.1\commons-lang3-3.8.1.jar;D:\Data\maven\commons-beanutils\commons-beanutils\1.9.4\commons-beanutils-1.9.4.jar;D:\Data\maven\commons-logging\commons-logging\1.2\commons-logging-1.2.jar;D:\Data\maven\commons-collections\commons-collections\3.2.2\commons-collections-3.2.2.jar;D:\Data\maven\com\itextpdf\itextpdf\5.5.13\itextpdf-5.5.13.jar;D:\Data\maven\mysql\mysql-connector-java\8.0.17\mysql-connector-java-8.0.17.jar;D:\Data\maven\com\alibaba\fastjson\1.2.61\fastjson-1.2.61.jar;D:\Data\maven\org\bouncycastle\bcprov-jdk15on\1.62\bcprov-jdk15on-1.62.jar;D:\Data\maven\org\bouncycastle\bcpkix-jdk15on\1.62\bcpkix-jdk15on-1.62.jar;D:\Data\maven\com\google\guava\guava\28.0-jre\guava-28.0-jre.jar;D:\Data\maven\com\google\guava\failureaccess\1.0.1\failureaccess-1.0.1.jar;D:\Data\maven\com\google\guava\listenablefuture\9999.0-empty-to-avoid-conflict-with-guava\listenablefuture-9999.0-empty-to-avoid-conflict-with-guava.jar;D:\Data\maven\com\google\code\findbugs\jsr305\3.0.2\jsr305-3.0.2.jar;D:\Data\maven\org\checkerframework\checker-qual\2.8.1\checker-qual-2.8.1.jar;D:\Data\maven\com\google\errorprone\error_prone_annotations\2.3.2\error_prone_annotations-2.3.2.jar;D:\Data\maven\com\google\j2objc\j2objc-annotations\1.3\j2objc-annotations-1.3.jar;D:\Data\maven\org\codehaus\mojo\animal-sniffer-annotations\1.17\animal-sniffer-annotations-1.17.jar;D:\Data\maven\org\elasticsearch\elasticsearch\6.4.3\elasticsearch-6.4.3.jar;D:\Data\maven\org\elasticsearch\elasticsearch-core\6.4.3\elasticsearch-core-6.4.3.jar;D:\Data\maven\org\elasticsearch\elasticsearch-secure-sm\6.4.3\elasticsearch-secure-sm-6.4.3.jar;D:\Data\maven\org\elasticsearch\elasticsearch-x-content\6.4.3\elasticsearch-x-content-6.4.3.jar;D:\Data\maven\com\fasterxml\jackson\core\jackson-core\2.9.9\jackson-core-2.9.9.jar;D:\Data\maven\com\fasterxml\jackson\dataformat\jackson-dataformat-smile\2.9.9\jackson-dataformat-smile-2.9.9.jar;D:\Data\maven\com\fasterxml\jackson\dataformat\jackson-dataformat-yaml\2.9.9\jackson-dataformat-yaml-2.9.9.jar;D:\Data\maven\com\fasterxml\jackson\dataformat\jackson-dataformat-cbor\2.9.9\jackson-dataformat-cbor-2.9.9.jar;D:\Data\maven\org\apache\lucene\lucene-core\7.4.0\lucene-core-7.4.0.jar;D:\Data\maven\org\apache\lucene\lucene-analyzers-common\7.4.0\lucene-analyzers-common-7.4.0.jar;D:\Data\maven\org\apache\lucene\lucene-backward-codecs\7.4.0\lucene-backward-codecs-7.4.0.jar;D:\Data\maven\org\apache\lucene\lucene-grouping\7.4.0\lucene-grouping-7.4.0.jar;D:\Data\maven\org\apache\lucene\lucene-highlighter\7.4.0\lucene-highlighter-7.4.0.jar;D:\Data\maven\org\apache\lucene\lucene-join\7.4.0\lucene-join-7.4.0.jar;D:\Data\maven\org\apache\lucene\lucene-memory\7.4.0\lucene-memory-7.4.0.jar;D:\Data\maven\org\apache\lucene\lucene-misc\7.4.0\lucene-misc-7.4.0.jar;D:\Data\maven\org\apache\lucene\lucene-queries\7.4.0\lucene-queries-7.4.0.jar;D:\Data\maven\org\apache\lucene\lucene-queryparser\7.4.0\lucene-queryparser-7.4.0.jar;D:\Data\maven\org\apache\lucene\lucene-sandbox\7.4.0\lucene-sandbox-7.4.0.jar;D:\Data\maven\org\apache\lucene\lucene-spatial\7.4.0\lucene-spatial-7.4.0.jar;D:\Data\maven\org\apache\lucene\lucene-spatial-extras\7.4.0\lucene-spatial-extras-7.4.0.jar;D:\Data\maven\org\apache\lucene\lucene-spatial3d\7.4.0\lucene-spatial3d-7.4.0.jar;D:\Data\maven\org\apache\lucene\lucene-suggest\7.4.0\lucene-suggest-7.4.0.jar;D:\Data\maven\org\elasticsearch\elasticsearch-cli\6.4.3\elasticsearch-cli-6.4.3.jar;D:\Data\maven\net\sf\jopt-simple\jopt-simple\5.0.2\jopt-simple-5.0.2.jar;D:\Data\maven\com\carrotsearch\hppc\0.7.1\hppc-0.7.1.jar;D:\Data\maven\joda-time\joda-time\2.10.3\joda-time-2.10.3.jar;D:\Data\maven\com\tdunning\t-digest\3.2\t-digest-3.2.jar;D:\Data\maven\org\hdrhistogram\HdrHistogram\2.1.9\HdrHistogram-2.1.9.jar;D:\Data\maven\org\apache\logging\log4j\log4j-api\2.11.2\log4j-api-2.11.2.jar;D:\Data\maven\org\elasticsearch\jna\4.5.1\jna-4.5.1.jar;D:\Data\maven\org\elasticsearch\client\elasticsearch-rest-client\6.4.3\elasticsearch-rest-client-6.4.3.jar;D:\Data\maven\org\apache\httpcomponents\httpclient\4.5.9\httpclient-4.5.9.jar;D:\Data\maven\org\apache\httpcomponents\httpcore\4.4.12\httpcore-4.4.12.jar;D:\Data\maven\org\apache\httpcomponents\httpasyncclient\4.1.4\httpasyncclient-4.1.4.jar;D:\Data\maven\org\apache\httpcomponents\httpcore-nio\4.4.12\httpcore-nio-4.4.12.jar;D:\Data\maven\commons-codec\commons-codec\1.11\commons-codec-1.11.jar;D:\Data\maven\org\elasticsearch\client\elasticsearch-rest-high-level-client\6.4.3\elasticsearch-rest-high-level-client-6.4.3.jar;D:\Data\maven\org\elasticsearch\plugin\parent-join-client\6.4.3\parent-join-client-6.4.3.jar;D:\Data\maven\org\elasticsearch\plugin\aggs-matrix-stats-client\6.4.3\aggs-matrix-stats-client-6.4.3.jar;D:\Data\maven\org\elasticsearch\plugin\rank-eval-client\6.4.3\rank-eval-client-6.4.3.jar;D:\Data\maven\org\elasticsearch\plugin\lang-mustache-client\6.4.3\lang-mustache-client-6.4.3.jar;D:\Data\maven\com\github\spullara\mustache\java\compiler\0.9.3\compiler-0.9.3.jar;D:\Data\maven\commons-io\commons-io\2.7\commons-io-2.7.jar;D:\Data\maven\org\apache\ant\ant\1.9.15\ant-1.9.15.jar;D:\Data\maven\org\apache\ant\ant-launcher\1.9.15\ant-launcher-1.9.15.jar;D:\Data\maven\org\springframework\boot\spring-boot-starter\2.1.8.RELEASE\spring-boot-starter-2.1.8.RELEASE.jar;D:\Data\maven\org\springframework\boot\spring-boot\2.1.8.RELEASE\spring-boot-2.1.8.RELEASE.jar;D:\Data\maven\org\springframework\spring-context\5.1.9.RELEASE\spring-context-5.1.9.RELEASE.jar;D:\Data\maven\org\springframework\boot\spring-boot-autoconfigure\2.1.8.RELEASE\spring-boot-autoconfigure-2.1.8.RELEASE.jar;D:\Data\maven\javax\annotation\javax.annotation-api\1.3.2\javax.annotation-api-1.3.2.jar;D:\Data\maven\org\springframework\spring-core\5.1.9.RELEASE\spring-core-5.1.9.RELEASE.jar;D:\Data\maven\org\springframework\spring-jcl\5.1.9.RELEASE\spring-jcl-5.1.9.RELEASE.jar;D:\Data\maven\org\yaml\snakeyaml\1.23\snakeyaml-1.23.jar;D:\Data\maven\org\springframework\boot\spring-boot-starter-logging\2.1.8.RELEASE\spring-boot-starter-logging-2.1.8.RELEASE.jar;D:\Data\maven\ch\qos\logback\logback-classic\1.2.3\logback-classic-1.2.3.jar;D:\Data\maven\ch\qos\logback\logback-core\1.2.3\logback-core-1.2.3.jar;D:\Data\maven\org\slf4j\slf4j-api\1.7.28\slf4j-api-1.7.28.jar;D:\Data\maven\org\apache\logging\log4j\log4j-to-slf4j\2.11.2\log4j-to-slf4j-2.11.2.jar;D:\Data\maven\org\slf4j\jul-to-slf4j\1.7.28\jul-to-slf4j-1.7.28.jar;D:\Data\maven\org\springframework\boot\spring-boot-starter-test\2.1.8.RELEASE\spring-boot-starter-test-2.1.8.RELEASE.jar;D:\Data\maven\org\springframework\boot\spring-boot-test\2.1.8.RELEASE\spring-boot-test-2.1.8.RELEASE.jar;D:\Data\maven\org\springframework\boot\spring-boot-test-autoconfigure\2.1.8.RELEASE\spring-boot-test-autoconfigure-2.1.8.RELEASE.jar;D:\Data\maven\com\jayway\jsonpath\json-path\2.4.0\json-path-2.4.0.jar;D:\Data\maven\net\minidev\json-smart\2.3\json-smart-2.3.jar;D:\Data\maven\net\minidev\accessors-smart\1.2\accessors-smart-1.2.jar;D:\Data\maven\org\ow2\asm\asm\5.0.4\asm-5.0.4.jar;D:\Data\maven\junit\junit\4.12\junit-4.12.jar;D:\Data\maven\org\assertj\assertj-core\3.11.1\assertj-core-3.11.1.jar;D:\Data\maven\org\mockito\mockito-core\2.23.4\mockito-core-2.23.4.jar;D:\Data\maven\net\bytebuddy\byte-buddy\1.9.16\byte-buddy-1.9.16.jar;D:\Data\maven\net\bytebuddy\byte-buddy-agent\1.9.16\byte-buddy-agent-1.9.16.jar;D:\Data\maven\org\objenesis\objenesis\2.6\objenesis-2.6.jar;D:\Data\maven\org\hamcrest\hamcrest-core\1.3\hamcrest-core-1.3.jar;D:\Data\maven\org\hamcrest\hamcrest-library\1.3\hamcrest-library-1.3.jar;D:\Data\maven\org\skyscreamer\jsonassert\1.5.0\jsonassert-1.5.0.jar;D:\Data\maven\com\vaadin\external\google\android-json\0.0.20131108.vaadin1\android-json-0.0.20131108.vaadin1.jar;D:\Data\maven\org\springframework\spring-test\5.1.9.RELEASE\spring-test-5.1.9.RELEASE.jar;D:\Data\maven\org\xmlunit\xmlunit-core\2.6.3\xmlunit-core-2.6.3.jar;D:\Data\maven\org\mybatis\spring\boot\mybatis-spring-boot-starter\2.1.0\mybatis-spring-boot-starter-2.1.0.jar;D:\Data\maven\org\springframework\boot\spring-boot-starter-jdbc\2.1.8.RELEASE\spring-boot-starter-jdbc-2.1.8.RELEASE.jar;D:\Data\maven\com\zaxxer\HikariCP\3.2.0\HikariCP-3.2.0.jar;D:\Data\maven\org\springframework\spring-jdbc\5.1.9.RELEASE\spring-jdbc-5.1.9.RELEASE.jar;D:\Data\maven\org\springframework\spring-tx\5.1.9.RELEASE\spring-tx-5.1.9.RELEASE.jar;D:\Data\maven\org\mybatis\spring\boot\mybatis-spring-boot-autoconfigure\2.1.0\mybatis-spring-boot-autoconfigure-2.1.0.jar;D:\Data\maven\org\mybatis\mybatis\3.5.2\mybatis-3.5.2.jar;D:\Data\maven\org\mybatis\mybatis-spring\2.0.2\mybatis-spring-2.0.2.jar;D:\Data\maven\com\alibaba\druid\1.1.20\druid-1.1.20.jar;D:\Data\maven\com\microsoft\sqlserver\sqljdbc4\4.0\sqljdbc4-4.0.jar;"/>
    <property name="sun.cpu.endian" value="little"/>
    <property name="user.home" value="C:\Users\Atos"/>
    <property name="user.language" value="zh"/>
    <property name="java.specification.vendor" value="Oracle Corporation"/>
    <property name="java.home" value="C:\Program Files\Java\jdk1.8.0_181\jre"/>
    <property name="basedir" value="E:\GitHub\zisecm\zisecm-jobs-syncout"/>
    <property name="style.color" value="always"/>
    <property name="file.separator" value="\"/>
    <property name="line.separator" value="&#10;"/>
    <property name="java.vm.specification.vendor" value="Oracle Corporation"/>
    <property name="java.specification.name" value="Java Platform API Specification"/>
    <property name="java.awt.graphicsenv" value="sun.awt.Win32GraphicsEnvironment"/>
    <property name="surefire.real.class.path" value="C:\Users\Atos\AppData\Local\Temp\surefire7394869823885510708\surefirebooter5439278018542824977.jar"/>
    <property name="sun.boot.class.path" value="C:\Program Files\Java\jdk1.8.0_181\jre\lib\resources.jar;C:\Program Files\Java\jdk1.8.0_181\jre\lib\rt.jar;C:\Program Files\Java\jdk1.8.0_181\jre\lib\sunrsasign.jar;C:\Program Files\Java\jdk1.8.0_181\jre\lib\jsse.jar;C:\Program Files\Java\jdk1.8.0_181\jre\lib\jce.jar;C:\Program Files\Java\jdk1.8.0_181\jre\lib\charsets.jar;C:\Program Files\Java\jdk1.8.0_181\jre\lib\jfr.jar;C:\Program Files\Java\jdk1.8.0_181\jre\classes"/>
    <property name="user.script" value=""/>
    <property name="sun.management.compiler" value="HotSpot 64-Bit Tiered Compilers"/>
    <property name="java.runtime.version" value="1.8.0_181-b13"/>
    <property name="user.name" value="Atos"/>
    <property name="path.separator" value=";"/>
    <property name="os.version" value="10.0"/>
    <property name="java.endorsed.dirs" value="C:\Program Files\Java\jdk1.8.0_181\jre\lib\endorsed"/>
    <property name="java.runtime.name" value="Java(TM) SE Runtime Environment"/>
    <property name="file.encoding" value="GBK"/>
    <property name="java.vm.name" value="Java HotSpot(TM) 64-Bit Server VM"/>
    <property name="localRepository" value="D:\Data\maven"/>
    <property name="java.vendor.url.bug" value="http://bugreport.sun.com/bugreport/"/>
    <property name="java.io.tmpdir" value="C:\Users\Atos\AppData\Local\Temp\"/>
    <property name="java.version" value="1.8.0_181"/>
    <property name="user.dir" value="E:\GitHub\zisecm\zisecm-jobs-syncout"/>
    <property name="os.arch" value="amd64"/>
    <property name="java.vm.specification.name" value="Java Virtual Machine Specification"/>
    <property name="java.awt.printerjob" value="sun.awt.windows.WPrinterJob"/>
    <property name="sun.os.patch.level" value=""/>
    <property name="java.library.path" value="C:\Program Files\Java\jdk1.8.0_181\jre\bin;C:\Windows\Sun\Java\bin;C:\Windows\system32;C:\Windows;C:/Program Files/Java/jre1.8.0_181/bin/server;C:/Program Files/Java/jre1.8.0_181/bin;C:/Program Files/Java/jre1.8.0_181/lib/amd64;D:\app\product\12.2.0\dbhome_1\bin;D:\app\Oracle\product\12.2.0\dbhome_1\bin;d:\app\client\Atos\product\12.2.0\client_1\bin;C:\Python38\Scripts\;C:\Python38\;C:\Program Files (x86)\Common Files\Oracle\Java\javapath;C:\Windows\system32;C:\Windows;C:\Windows\System32\Wbem;C:\Windows\System32\WindowsPowerShell\v1.0\;C:\Windows\System32\OpenSSH\;C:\Program Files\nodejs\;C:\ProgramData\chocolatey\bin;C:\Program Files (x86)\Common Files\Pulse Secure\VC142.CRT\X64\;C:\Program Files (x86)\Common Files\Pulse Secure\VC142.CRT\X86\;D:\Program Files (x86)\Microsoft SQL Server\130\Tools\Binn\;D:\Program Files\Microsoft SQL Server\130\Tools\Binn\;D:\Program Files (x86)\Microsoft SQL Server\130\DTS\Binn\;D:\Program Files\Microsoft SQL Server\130\DTS\Binn\;D:\Program Files\Microsoft SQL Server\Client SDK\ODBC\130\Tools\Binn\;D:\Program Files (x86)\Microsoft SQL Server\Client SDK\ODBC\130\Tools\Binn\;D:\Program Files (x86)\Microsoft SQL Server\140\Tools\Binn\;D:\Program Files (x86)\Microsoft SQL Server\140\DTS\Binn\;D:\Program Files (x86)\Microsoft SQL Server\140\Tools\Binn\ManagementStudio\;C:\Users\Atos\AppData\Local\Microsoft\WindowsApps;C:\Users\Atos\AppData\Local\Programs\Microsoft VS Code\bin;C:\Users\Atos\AppData\Roaming\npm;C:\ProgramData\Atos\GitHubDesktop\bin;C:\Users\Atos\AppData\Local\GitHubDesktop\bin;E:\sts-4.7.2.RELEASE;;."/>
    <property name="java.vm.info" value="mixed mode"/>
    <property name="java.vendor" value="Oracle Corporation"/>
    <property name="java.vm.version" value="25.181-b13"/>
    <property name="java.ext.dirs" value="C:\Program Files\Java\jdk1.8.0_181\jre\lib\ext;C:\Windows\Sun\Java\lib\ext"/>
    <property name="sun.io.unicode.encoding" value="UnicodeLittle"/>
    <property name="java.class.version" value="52.0"/>
  </properties>
  <testcase name="testApp" classname="org.zisecm.jobs.AppTest" time="0.003"/>
</testsuite>